<?xml version="1.0" encoding="UTF-8"?>
<testsuite xmlns:xsi="http://www.w3.org/2001/XMLSchema-instance" xsi:noNamespaceSchemaLocation="https://maven.apache.org/surefire/maven-surefire-plugin/xsd/surefire-test-report.xsd" name="CreateOrderTest" time="11.689" tests="6" errors="0" skipped="0" failures="0">
  <properties>
[...]
</properties>
  <testcase name="createOderAuthWithWrongHashInternalServerError" classname="CreateOrderTest" time="1.635"/>
  <testcase name="createOderWithAuthorizationSuccess" classname="CreateOrderTest" time="3.521"/>
  <testcase name="createOderNonAuthWithWrongHashInternalServerError" classname="CreateOrderTest" time="1.628"/>
  <testcase name="createOderAuthWithoutIngredientsBadRequest" classname="CreateOrderTest" time="1.597"/>
  <testcase name="createOderNonAuthWithoutIngredientsBadRequest" classname="CreateOrderTest" time="1.681"/>
  <testcase name="createOderWithoutAuthorizationSuccess" classname="CreateOrderTest" time="1.623"/>
</testsuite>